# JRE version: Java(TM) SE Runtime Environment (8.0_111-b14) (build 1.8.0_111-b14)
# Java VM: Java HotSpot(TM) Client VM (25.111-b14 mixed mode windows-x86 )
Heap:
 def new generation   total 16320K, used 3103K [0x06a00000, 0x07bb0000, 0x0bf50000)
  eden space 14528K,  11% used [0x06a00000, 0x06b91a50, 0x07830000)
  from space 1792K,  83% used [0x079f0000, 0x07b662f0, 0x07bb0000)
  to   space 1792K,   0% used [0x07830000, 0x07830000, 0x079f0000)
 tenured generation   total 36052K, used 16582K [0x0bf50000, 0x0e285000, 0x16a00000)
   the space 36052K,  45% used [0x0bf50000, 0x0cf81930, 0x0cf81a00, 0x0e285000)
 Metaspace       used 13445K, capacity 13891K, committed 13952K, reserved 14720K
GC Heap History (10 events):
Event: 8.310 GC heap before
{Heap before GC invocations=25 (full 7):
 def new generation   total 11456K, used 6210K [0x06a00000, 0x07660000, 0x0bf50000)
  eden space 10240K,  55% used [0x06a00000, 0x06f8bc50, 0x07400000)
  from space 1216K,  43% used [0x07400000, 0x07484c50, 0x07530000)
  to   space 1216K,   0% used [0x07530000, 0x07530000, 0x07660000)
 tenured generation   total 25224K, used 15023K [0x0bf50000, 0x0d7f2000, 0x16a00000)
   the space 25224K,  59% used [0x0bf50000, 0x0cdfbf08, 0x0cdfc000, 0x0d7f2000)
 Metaspace       used 12366K, capacity 12753K, committed 12800K, reserved 13696K
Event: 8.313 GC heap after
Heap after GC invocations=26 (full 7):
 def new generation   total 11456K, used 530K [0x06a00000, 0x07660000, 0x0bf50000)
  eden space 10240K,   0% used [0x06a00000, 0x06a00000, 0x07400000)
  from space 1216K,  43% used [0x07530000, 0x075b4b30, 0x07660000)
  to   space 1216K,   0% used [0x07400000, 0x07400000, 0x07530000)
 tenured generation   total 25224K, used 20495K [0x0bf50000, 0x0d7f2000, 0x16a00000)
   the space 25224K,  81% used [0x0bf50000, 0x0d353e10, 0x0d354000, 0x0d7f2000)
 Metaspace       used 12366K, capacity 12753K, committed 12800K, reserved 13696K
}
Event: 8.314 GC heap before
{Heap before GC invocations=26 (full 7):
 def new generation   total 11456K, used 6187K [0x06a00000, 0x07660000, 0x0bf50000)
  eden space 10240K,  55% used [0x06a00000, 0x06f86448, 0x07400000)
  from space 1216K,  43% used [0x07530000, 0x075b4b30, 0x07660000)
  to   space 1216K,   0% used [0x07400000, 0x07400000, 0x07530000)
 tenured generation   total 25224K, used 20495K [0x0bf50000, 0x0d7f2000, 0x16a00000)
   the space 25224K,  81% used [0x0bf50000, 0x0d353e10, 0x0d354000, 0x0d7f2000)
 Metaspace       used 12366K, capacity 12753K, committed 12800K, reserved 13696K
Event: 8.333 GC heap after
Heap after GC invocations=27 (full 8):
 def new generation   total 16320K, used 0K [0x06a00000, 0x07bb0000, 0x0bf50000)
  eden space 14528K,   0% used [0x06a00000, 0x06a00000, 0x07830000)
  from space 1792K,   0% used [0x07830000, 0x07830000, 0x079f0000)
  to   space 1792K,   0% used [0x079f0000, 0x079f0000, 0x07bb0000)
 tenured generation   total 36052K, used 21629K [0x0bf50000, 0x0e285000, 0x16a00000)
   the space 36052K,  59% used [0x0bf50000, 0x0d46f420, 0x0d46f600, 0x0e285000)
 Metaspace       used 12366K, capacity 12753K, committed 12800K, reserved 13696K
}
Event: 8.427 GC heap before
{Heap before GC invocations=27 (full 8):
 def new generation   total 16320K, used 8447K [0x06a00000, 0x07bb0000, 0x0bf50000)
  eden space 14528K,  58% used [0x06a00000, 0x0723fef8, 0x07830000)
  from space 1792K,   0% used [0x07830000, 0x07830000, 0x079f0000)
  to   space 1792K,   0% used [0x079f0000, 0x079f0000, 0x07bb0000)
 tenured generation   total 36052K, used 21629K [0x0bf50000, 0x0e285000, 0x16a00000)
   the space 36052K,  59% used [0x0bf50000, 0x0d46f420, 0x0d46f600, 0x0e285000)
 Metaspace       used 12366K, capacity 12753K, committed 12800K, reserved 13696K
Event: 8.441 GC heap after
Heap after GC invocations=28 (full 9):
 def new generation   total 16320K, used 0K [0x06a00000, 0x07bb0000, 0x0bf50000)
  eden space 14528K,   0% used [0x06a00000, 0x06a00000, 0x07830000)
  from space 1792K,   0% used [0x07830000, 0x07830000, 0x079f0000)
  to   space 1792K,   0% used [0x079f0000, 0x079f0000, 0x07bb0000)
 tenured generation   total 36052K, used 16579K [0x0bf50000, 0x0e285000, 0x16a00000)
   the space 36052K,  45% used [0x0bf50000, 0x0cf80f00, 0x0cf81000, 0x0e285000)
 Metaspace       used 12366K, capacity 12753K, committed 12800K, reserved 13696K
}
Event: 8.441 GC heap before
{Heap before GC invocations=28 (full 9):
 def new generation   total 16320K, used 321K [0x06a00000, 0x07bb0000, 0x0bf50000)
  eden space 14528K,   2% used [0x06a00000, 0x06a50498, 0x07830000)
  from space 1792K,   0% used [0x07830000, 0x07830000, 0x079f0000)
  to   space 1792K,   0% used [0x079f0000, 0x079f0000, 0x07bb0000)
 tenured generation   total 36052K, used 16579K [0x0bf50000, 0x0e285000, 0x16a00000)
   the space 36052K,  45% used [0x0bf50000, 0x0cf80f00, 0x0cf81000, 0x0e285000)
 Metaspace       used 12366K, capacity 12753K, committed 12800K, reserved 13696K
Event: 8.452 GC heap after
Heap after GC invocations=29 (full 10):
 def new generation   total 16320K, used 0K [0x06a00000, 0x07bb0000, 0x0bf50000)
  eden space 14528K,   0% used [0x06a00000, 0x06a00000, 0x07830000)
  from space 1792K,   0% used [0x07830000, 0x07830000, 0x079f0000)
  to   space 1792K,   0% used [0x079f0000, 0x079f0000, 0x07bb0000)
 tenured generation   total 36052K, used 16582K [0x0bf50000, 0x0e285000, 0x16a00000)
   the space 36052K,  45% used [0x0bf50000, 0x0cf81930, 0x0cf81a00, 0x0e285000)
 Metaspace       used 12366K, capacity 12753K, committed 12800K, reserved 13696K
}
Event: 20.617 GC heap before
{Heap before GC invocations=29 (full 10):
 def new generation   total 16320K, used 14528K [0x06a00000, 0x07bb0000, 0x0bf50000)
  eden space 14528K, 100% used [0x06a00000, 0x07830000, 0x07830000)
  from space 1792K,   0% used [0x07830000, 0x07830000, 0x079f0000)
  to   space 1792K,   0% used [0x079f0000, 0x079f0000, 0x07bb0000)
 tenured generation   total 36052K, used 16582K [0x0bf50000, 0x0e285000, 0x16a00000)
   the space 36052K,  45% used [0x0bf50000, 0x0cf81930, 0x0cf81a00, 0x0e285000)
 Metaspace       used 13445K, capacity 13891K, committed 13952K, reserved 14720K
Event: 20.620 GC heap after
Heap after GC invocations=30 (full 10):
 def new generation   total 16320K, used 1496K [0x06a00000, 0x07bb0000, 0x0bf50000)
  eden space 14528K,   0% used [0x06a00000, 0x06a00000, 0x07830000)
  from space 1792K,  83% used [0x079f0000, 0x07b662f0, 0x07bb0000)
  to   space 1792K,   0% used [0x07830000, 0x07830000, 0x079f0000)
 tenured generation   total 36052K, used 16582K [0x0bf50000, 0x0e285000, 0x16a00000)
   the space 36052K,  45% used [0x0bf50000, 0x0cf81930, 0x0cf81a00, 0x0e285000)
 Metaspace       used 13445K, capacity 13891K, committed 13952K, reserved 14720K
}

