# JRE version: Java(TM) SE Runtime Environment (8.0_111-b14) (build 1.8.0_111-b14)
# Java VM: Java HotSpot(TM) Client VM (25.111-b14 mixed mode windows-x86 )
Heap:
 def new generation   total 24704K, used 15133K [0x06e00000, 0x088c0000, 0x118a0000)
  eden space 22016K,  68% used [0x06e00000, 0x07ca3f38, 0x08380000)
  from space 2688K,   5% used [0x08380000, 0x083a3500, 0x08620000)
  to   space 2688K,   0% used [0x08620000, 0x08620000, 0x088c0000)
 tenured generation   total 54512K, used 40318K [0x118a0000, 0x14ddc000, 0x26e00000)
   the space 54512K,  73% used [0x118a0000, 0x13fffa68, 0x13fffc00, 0x14ddc000)
 Metaspace       used 27405K, capacity 28697K, committed 28800K, reserved 29056K
GC Heap History (10 events):
Event: 727.958 GC heap before
{Heap before GC invocations=149 (full 10):
 def new generation   total 24704K, used 22721K [0x06e00000, 0x088c0000, 0x118a0000)
  eden space 22016K, 100% used [0x06e00000, 0x08380000, 0x08380000)
  from space 2688K,  26% used [0x08620000, 0x086d0588, 0x088c0000)
  to   space 2688K,   0% used [0x08380000, 0x08380000, 0x08620000)
 tenured generation   total 54512K, used 39710K [0x118a0000, 0x14ddc000, 0x26e00000)
   the space 54512K,  72% used [0x118a0000, 0x13f67af0, 0x13f67c00, 0x14ddc000)
 Metaspace       used 27405K, capacity 28697K, committed 28800K, reserved 29056K
Event: 727.961 GC heap after
Heap after GC invocations=150 (full 10):
 def new generation   total 24704K, used 713K [0x06e00000, 0x088c0000, 0x118a0000)
  eden space 22016K,   0% used [0x06e00000, 0x06e00000, 0x08380000)
  from space 2688K,  26% used [0x08380000, 0x08432460, 0x08620000)
  to   space 2688K,   0% used [0x08620000, 0x08620000, 0x088c0000)
 tenured generation   total 54512K, used 39710K [0x118a0000, 0x14ddc000, 0x26e00000)
   the space 54512K,  72% used [0x118a0000, 0x13f67af0, 0x13f67c00, 0x14ddc000)
 Metaspace       used 27405K, capacity 28697K, committed 28800K, reserved 29056K
}
Event: 728.305 GC heap before
{Heap before GC invocations=150 (full 10):
 def new generation   total 24704K, used 22729K [0x06e00000, 0x088c0000, 0x118a0000)
  eden space 22016K, 100% used [0x06e00000, 0x08380000, 0x08380000)
  from space 2688K,  26% used [0x08380000, 0x08432460, 0x08620000)
  to   space 2688K,   0% used [0x08620000, 0x08620000, 0x088c0000)
 tenured generation   total 54512K, used 39710K [0x118a0000, 0x14ddc000, 0x26e00000)
   the space 54512K,  72% used [0x118a0000, 0x13f67af0, 0x13f67c00, 0x14ddc000)
 Metaspace       used 27405K, capacity 28697K, committed 28800K, reserved 29056K
Event: 728.307 GC heap after
Heap after GC invocations=151 (full 10):
 def new generation   total 24704K, used 719K [0x06e00000, 0x088c0000, 0x118a0000)
  eden space 22016K,   0% used [0x06e00000, 0x06e00000, 0x08380000)
  from space 2688K,  26% used [0x08620000, 0x086d3dd8, 0x088c0000)
  to   space 2688K,   0% used [0x08380000, 0x08380000, 0x08620000)
 tenured generation   total 54512K, used 39710K [0x118a0000, 0x14ddc000, 0x26e00000)
   the space 54512K,  72% used [0x118a0000, 0x13f67af0, 0x13f67c00, 0x14ddc000)
 Metaspace       used 27405K, capacity 28697K, committed 28800K, reserved 29056K
}
Event: 728.664 GC heap before
{Heap before GC invocations=151 (full 10):
 def new generation   total 24704K, used 22735K [0x06e00000, 0x088c0000, 0x118a0000)
  eden space 22016K, 100% used [0x06e00000, 0x08380000, 0x08380000)
  from space 2688K,  26% used [0x08620000, 0x086d3dd8, 0x088c0000)
  to   space 2688K,   0% used [0x08380000, 0x08380000, 0x08620000)
 tenured generation   total 54512K, used 39710K [0x118a0000, 0x14ddc000, 0x26e00000)
   the space 54512K,  72% used [0x118a0000, 0x13f67af0, 0x13f67c00, 0x14ddc000)
 Metaspace       used 27405K, capacity 28697K, committed 28800K, reserved 29056K
Event: 728.666 GC heap after
Heap after GC invocations=152 (full 10):
 def new generation   total 24704K, used 141K [0x06e00000, 0x088c0000, 0x118a0000)
  eden space 22016K,   0% used [0x06e00000, 0x06e00000, 0x08380000)
  from space 2688K,   5% used [0x08380000, 0x083a3700, 0x08620000)
  to   space 2688K,   0% used [0x08620000, 0x08620000, 0x088c0000)
 tenured generation   total 54512K, used 40300K [0x118a0000, 0x14ddc000, 0x26e00000)
   the space 54512K,  73% used [0x118a0000, 0x13ffb120, 0x13ffb200, 0x14ddc000)
 Metaspace       used 27405K, capacity 28697K, committed 28800K, reserved 29056K
}
Event: 729.094 GC heap before
{Heap before GC invocations=152 (full 10):
 def new generation   total 24704K, used 22157K [0x06e00000, 0x088c0000, 0x118a0000)
  eden space 22016K, 100% used [0x06e00000, 0x08380000, 0x08380000)
  from space 2688K,   5% used [0x08380000, 0x083a3700, 0x08620000)
  to   space 2688K,   0% used [0x08620000, 0x08620000, 0x088c0000)
 tenured generation   total 54512K, used 40300K [0x118a0000, 0x14ddc000, 0x26e00000)
   the space 54512K,  73% used [0x118a0000, 0x13ffb120, 0x13ffb200, 0x14ddc000)
 Metaspace       used 27405K, capacity 28697K, committed 28800K, reserved 29056K
Event: 729.096 GC heap after
Heap after GC invocations=153 (full 10):
 def new generation   total 24704K, used 140K [0x06e00000, 0x088c0000, 0x118a0000)
  eden space 22016K,   0% used [0x06e00000, 0x06e00000, 0x08380000)
  from space 2688K,   5% used [0x08620000, 0x08643020, 0x088c0000)
  to   space 2688K,   0% used [0x08380000, 0x08380000, 0x08620000)
 tenured generation   total 54512K, used 40309K [0x118a0000, 0x14ddc000, 0x26e00000)
   the space 54512K,  73% used [0x118a0000, 0x13ffd740, 0x13ffd800, 0x14ddc000)
 Metaspace       used 27405K, capacity 28697K, committed 28800K, reserved 29056K
}
Event: 729.531 GC heap before
{Heap before GC invocations=153 (full 10):
 def new generation   total 24704K, used 22156K [0x06e00000, 0x088c0000, 0x118a0000)
  eden space 22016K, 100% used [0x06e00000, 0x08380000, 0x08380000)
  from space 2688K,   5% used [0x08620000, 0x08643020, 0x088c0000)
  to   space 2688K,   0% used [0x08380000, 0x08380000, 0x08620000)
 tenured generation   total 54512K, used 40309K [0x118a0000, 0x14ddc000, 0x26e00000)
   the space 54512K,  73% used [0x118a0000, 0x13ffd740, 0x13ffd800, 0x14ddc000)
 Metaspace       used 27405K, capacity 28697K, committed 28800K, reserved 29056K
Event: 729.533 GC heap after
Heap after GC invocations=154 (full 10):
 def new generation   total 24704K, used 141K [0x06e00000, 0x088c0000, 0x118a0000)
  eden space 22016K,   0% used [0x06e00000, 0x06e00000, 0x08380000)
  from space 2688K,   5% used [0x08380000, 0x083a3500, 0x08620000)
  to   space 2688K,   0% used [0x08620000, 0x08620000, 0x088c0000)
 tenured generation   total 54512K, used 40318K [0x118a0000, 0x14ddc000, 0x26e00000)
   the space 54512K,  73% used [0x118a0000, 0x13fffa68, 0x13fffc00, 0x14ddc000)
 Metaspace       used 27405K, capacity 28697K, committed 28800K, reserved 29056K
}

